<?xml version="1.0" encoding="UTF-8"?>
<testsuite xmlns:xsi="http://www.w3.org/2001/XMLSchema-instance" xsi:noNamespaceSchemaLocation="https://maven.apache.org/surefire/maven-surefire-plugin/xsd/surefire-test-report.xsd" name="com.stee.videolake.kafka.KafkaApplicationTests" time="11.948" tests="1" errors="0" skipped="0" failures="0">
  <properties>
    <property name="sun.desktop" value="windows"/>
    <property name="awt.toolkit" value="sun.awt.windows.WToolkit"/>
    <property name="file.encoding.pkg" value="sun.io"/>
    <property name="java.specification.version" value="1.8"/>
    <property name="sun.cpu.isalist" value="amd64"/>
    <property name="sun.jnu.encoding" value="Cp1252"/>
    <property name="java.class.path" value="C:\projects\LaaP-workspace\hikafka\target\test-classes;C:\projects\LaaP-workspace\hikafka\target\classes;C:\Users\Xie Xin Hong\.m2\repository\org\springframework\boot\spring-boot-starter\2.4.4\spring-boot-starter-2.4.4.jar;C:\Users\Xie Xin Hong\.m2\repository\org\springframework\boot\spring-boot\2.4.4\spring-boot-2.4.4.jar;C:\Users\Xie Xin Hong\.m2\repository\org\springframework\boot\spring-boot-autoconfigure\2.4.4\spring-boot-autoconfigure-2.4.4.jar;C:\Users\Xie Xin Hong\.m2\repository\org\springframework\boot\spring-boot-starter-logging\2.4.4\spring-boot-starter-logging-2.4.4.jar;C:\Users\Xie Xin Hong\.m2\repository\ch\qos\logback\logback-classic\1.2.3\logback-classic-1.2.3.jar;C:\Users\Xie Xin Hong\.m2\repository\ch\qos\logback\logback-core\1.2.3\logback-core-1.2.3.jar;C:\Users\Xie Xin Hong\.m2\repository\org\apache\logging\log4j\log4j-to-slf4j\2.13.3\log4j-to-slf4j-2.13.3.jar;C:\Users\Xie Xin Hong\.m2\repository\org\apache\logging\log4j\log4j-api\2.13.3\log4j-api-2.13.3.jar;C:\Users\Xie Xin Hong\.m2\repository\org\slf4j\jul-to-slf4j\1.7.30\jul-to-slf4j-1.7.30.jar;C:\Users\Xie Xin Hong\.m2\repository\jakarta\annotation\jakarta.annotation-api\1.3.5\jakarta.annotation-api-1.3.5.jar;C:\Users\Xie Xin Hong\.m2\repository\org\springframework\spring-core\5.3.5\spring-core-5.3.5.jar;C:\Users\Xie Xin Hong\.m2\repository\org\springframework\spring-jcl\5.3.5\spring-jcl-5.3.5.jar;C:\Users\Xie Xin Hong\.m2\repository\org\yaml\snakeyaml\1.27\snakeyaml-1.27.jar;C:\Users\Xie Xin Hong\.m2\repository\org\springframework\boot\spring-boot-starter-test\2.4.4\spring-boot-starter-test-2.4.4.jar;C:\Users\Xie Xin Hong\.m2\repository\org\springframework\boot\spring-boot-test\2.4.4\spring-boot-test-2.4.4.jar;C:\Users\Xie Xin Hong\.m2\repository\org\springframework\boot\spring-boot-test-autoconfigure\2.4.4\spring-boot-test-autoconfigure-2.4.4.jar;C:\Users\Xie Xin Hong\.m2\repository\com\jayway\jsonpath\json-path\2.4.0\json-path-2.4.0.jar;C:\Users\Xie Xin Hong\.m2\repository\net\minidev\json-smart\2.3\json-smart-2.3.jar;C:\Users\Xie Xin Hong\.m2\repository\net\minidev\accessors-smart\1.2\accessors-smart-1.2.jar;C:\Users\Xie Xin Hong\.m2\repository\org\slf4j\slf4j-api\1.7.30\slf4j-api-1.7.30.jar;C:\Users\Xie Xin Hong\.m2\repository\jakarta\xml\bind\jakarta.xml.bind-api\2.3.3\jakarta.xml.bind-api-2.3.3.jar;C:\Users\Xie Xin Hong\.m2\repository\jakarta\activation\jakarta.activation-api\1.2.2\jakarta.activation-api-1.2.2.jar;C:\Users\Xie Xin Hong\.m2\repository\org\assertj\assertj-core\3.18.1\assertj-core-3.18.1.jar;C:\Users\Xie Xin Hong\.m2\repository\org\hamcrest\hamcrest\2.2\hamcrest-2.2.jar;C:\Users\Xie Xin Hong\.m2\repository\org\junit\jupiter\junit-jupiter\5.7.1\junit-jupiter-5.7.1.jar;C:\Users\Xie Xin Hong\.m2\repository\org\junit\jupiter\junit-jupiter-params\5.7.1\junit-jupiter-params-5.7.1.jar;C:\Users\Xie Xin Hong\.m2\repository\org\junit\jupiter\junit-jupiter-engine\5.7.1\junit-jupiter-engine-5.7.1.jar;C:\Users\Xie Xin Hong\.m2\repository\org\junit\platform\junit-platform-engine\1.7.1\junit-platform-engine-1.7.1.jar;C:\Users\Xie Xin Hong\.m2\repository\org\mockito\mockito-core\3.6.28\mockito-core-3.6.28.jar;C:\Users\Xie Xin Hong\.m2\repository\net\bytebuddy\byte-buddy\1.10.22\byte-buddy-1.10.22.jar;C:\Users\Xie Xin Hong\.m2\repository\net\bytebuddy\byte-buddy-agent\1.10.22\byte-buddy-agent-1.10.22.jar;C:\Users\Xie Xin Hong\.m2\repository\org\objenesis\objenesis\3.1\objenesis-3.1.jar;C:\Users\Xie Xin Hong\.m2\repository\org\mockito\mockito-junit-jupiter\3.6.28\mockito-junit-jupiter-3.6.28.jar;C:\Users\Xie Xin Hong\.m2\repository\org\skyscreamer\jsonassert\1.5.0\jsonassert-1.5.0.jar;C:\Users\Xie Xin Hong\.m2\repository\com\vaadin\external\google\android-json\0.0.20131108.vaadin1\android-json-0.0.20131108.vaadin1.jar;C:\Users\Xie Xin Hong\.m2\repository\org\springframework\spring-test\5.3.5\spring-test-5.3.5.jar;C:\Users\Xie Xin Hong\.m2\repository\org\xmlunit\xmlunit-core\2.7.0\xmlunit-core-2.7.0.jar;C:\Users\Xie Xin Hong\.m2\repository\org\springframework\kafka\spring-kafka\2.6.7\spring-kafka-2.6.7.jar;C:\Users\Xie Xin Hong\.m2\repository\org\springframework\spring-context\5.3.5\spring-context-5.3.5.jar;C:\Users\Xie Xin Hong\.m2\repository\org\springframework\spring-aop\5.3.5\spring-aop-5.3.5.jar;C:\Users\Xie Xin Hong\.m2\repository\org\springframework\spring-beans\5.3.5\spring-beans-5.3.5.jar;C:\Users\Xie Xin Hong\.m2\repository\org\springframework\spring-expression\5.3.5\spring-expression-5.3.5.jar;C:\Users\Xie Xin Hong\.m2\repository\org\springframework\spring-messaging\5.3.5\spring-messaging-5.3.5.jar;C:\Users\Xie Xin Hong\.m2\repository\org\springframework\spring-tx\5.3.5\spring-tx-5.3.5.jar;C:\Users\Xie Xin Hong\.m2\repository\org\springframework\retry\spring-retry\1.3.1\spring-retry-1.3.1.jar;C:\Users\Xie Xin Hong\.m2\repository\org\apache\kafka\kafka-clients\2.6.0\kafka-clients-2.6.0.jar;C:\Users\Xie Xin Hong\.m2\repository\com\github\luben\zstd-jni\1.4.4-7\zstd-jni-1.4.4-7.jar;C:\Users\Xie Xin Hong\.m2\repository\org\lz4\lz4-java\1.7.1\lz4-java-1.7.1.jar;C:\Users\Xie Xin Hong\.m2\repository\org\xerial\snappy\snappy-java\1.1.7.3\snappy-java-1.1.7.3.jar;C:\Users\Xie Xin Hong\.m2\repository\org\springframework\kafka\spring-kafka-test\2.6.7\spring-kafka-test-2.6.7.jar;C:\Users\Xie Xin Hong\.m2\repository\org\apache\kafka\kafka-clients\2.6.1\kafka-clients-2.6.1-test.jar;C:\Users\Xie Xin Hong\.m2\repository\org\apache\kafka\kafka-streams\2.6.0\kafka-streams-2.6.0.jar;C:\Users\Xie Xin Hong\.m2\repository\org\apache\kafka\connect-json\2.6.0\connect-json-2.6.0.jar;C:\Users\Xie Xin Hong\.m2\repository\org\apache\kafka\connect-api\2.6.0\connect-api-2.6.0.jar;C:\Users\Xie Xin Hong\.m2\repository\org\rocksdb\rocksdbjni\5.18.4\rocksdbjni-5.18.4.jar;C:\Users\Xie Xin Hong\.m2\repository\org\apache\kafka\kafka-streams-test-utils\2.6.0\kafka-streams-test-utils-2.6.0.jar;C:\Users\Xie Xin Hong\.m2\repository\org\apache\kafka\kafka_2.13\2.6.0\kafka_2.13-2.6.0.jar;C:\Users\Xie Xin Hong\.m2\repository\com\fasterxml\jackson\module\jackson-module-scala_2.13\2.11.4\jackson-module-scala_2.13-2.11.4.jar;C:\Users\Xie Xin Hong\.m2\repository\com\fasterxml\jackson\module\jackson-module-paranamer\2.11.4\jackson-module-paranamer-2.11.4.jar;C:\Users\Xie Xin Hong\.m2\repository\com\thoughtworks\paranamer\paranamer\2.8\paranamer-2.8.jar;C:\Users\Xie Xin Hong\.m2\repository\com\fasterxml\jackson\dataformat\jackson-dataformat-csv\2.11.4\jackson-dataformat-csv-2.11.4.jar;C:\Users\Xie Xin Hong\.m2\repository\com\fasterxml\jackson\datatype\jackson-datatype-jdk8\2.11.4\jackson-datatype-jdk8-2.11.4.jar;C:\Users\Xie Xin Hong\.m2\repository\net\sf\jopt-simple\jopt-simple\5.0.4\jopt-simple-5.0.4.jar;C:\Users\Xie Xin Hong\.m2\repository\com\yammer\metrics\metrics-core\2.2.0\metrics-core-2.2.0.jar;C:\Users\Xie Xin Hong\.m2\repository\org\scala-lang\modules\scala-collection-compat_2.13\2.1.6\scala-collection-compat_2.13-2.1.6.jar;C:\Users\Xie Xin Hong\.m2\repository\org\scala-lang\modules\scala-java8-compat_2.13\0.9.1\scala-java8-compat_2.13-0.9.1.jar;C:\Users\Xie Xin Hong\.m2\repository\org\scala-lang\scala-library\2.13.2\scala-library-2.13.2.jar;C:\Users\Xie Xin Hong\.m2\repository\org\scala-lang\scala-reflect\2.13.2\scala-reflect-2.13.2.jar;C:\Users\Xie Xin Hong\.m2\repository\com\typesafe\scala-logging\scala-logging_2.13\3.9.2\scala-logging_2.13-3.9.2.jar;C:\Users\Xie Xin Hong\.m2\repository\org\apache\zookeeper\zookeeper\3.5.8\zookeeper-3.5.8.jar;C:\Users\Xie Xin Hong\.m2\repository\org\apache\zookeeper\zookeeper-jute\3.5.8\zookeeper-jute-3.5.8.jar;C:\Users\Xie Xin Hong\.m2\repository\org\apache\yetus\audience-annotations\0.5.0\audience-annotations-0.5.0.jar;C:\Users\Xie Xin Hong\.m2\repository\io\netty\netty-transport-native-epoll\4.1.60.Final\netty-transport-native-epoll-4.1.60.Final.jar;C:\Users\Xie Xin Hong\.m2\repository\io\netty\netty-transport-native-unix-common\4.1.60.Final\netty-transport-native-unix-common-4.1.60.Final.jar;C:\Users\Xie Xin Hong\.m2\repository\commons-cli\commons-cli\1.4\commons-cli-1.4.jar;C:\Users\Xie Xin Hong\.m2\repository\org\apache\kafka\kafka_2.13\2.6.1\kafka_2.13-2.6.1-test.jar;C:\Users\Xie Xin Hong\.m2\repository\org\projectlombok\lombok\1.18.18\lombok-1.18.18.jar;C:\Users\Xie Xin Hong\.m2\repository\com\fasterxml\jackson\core\jackson-databind\2.11.4\jackson-databind-2.11.4.jar;C:\Users\Xie Xin Hong\.m2\repository\com\fasterxml\jackson\core\jackson-annotations\2.11.4\jackson-annotations-2.11.4.jar;C:\Users\Xie Xin Hong\.m2\repository\com\fasterxml\jackson\core\jackson-core\2.11.4\jackson-core-2.11.4.jar;C:\Users\Xie Xin Hong\.m2\repository\com\datastax\oss\java-driver-query-builder\4.0.0\java-driver-query-builder-4.0.0.jar;C:\Users\Xie Xin Hong\.m2\repository\com\datastax\oss\java-driver-core\4.9.0\java-driver-core-4.9.0.jar;C:\Users\Xie Xin Hong\.m2\repository\com\datastax\oss\native-protocol\1.4.11\native-protocol-1.4.11.jar;C:\Users\Xie Xin Hong\.m2\repository\io\netty\netty-handler\4.1.60.Final\netty-handler-4.1.60.Final.jar;C:\Users\Xie Xin Hong\.m2\repository\io\netty\netty-common\4.1.60.Final\netty-common-4.1.60.Final.jar;C:\Users\Xie Xin Hong\.m2\repository\io\netty\netty-resolver\4.1.60.Final\netty-resolver-4.1.60.Final.jar;C:\Users\Xie Xin Hong\.m2\repository\io\netty\netty-buffer\4.1.60.Final\netty-buffer-4.1.60.Final.jar;C:\Users\Xie Xin Hong\.m2\repository\io\netty\netty-transport\4.1.60.Final\netty-transport-4.1.60.Final.jar;C:\Users\Xie Xin Hong\.m2\repository\io\netty\netty-codec\4.1.60.Final\netty-codec-4.1.60.Final.jar;C:\Users\Xie Xin Hong\.m2\repository\com\typesafe\config\1.3.4\config-1.3.4.jar;C:\Users\Xie Xin Hong\.m2\repository\com\github\jnr\jnr-posix\3.0.50\jnr-posix-3.0.50.jar;C:\Users\Xie Xin Hong\.m2\repository\com\github\jnr\jnr-constants\0.9.12\jnr-constants-0.9.12.jar;C:\Users\Xie Xin Hong\.m2\repository\io\dropwizard\metrics\metrics-core\4.1.18\metrics-core-4.1.18.jar;C:\Users\Xie Xin Hong\.m2\repository\org\hdrhistogram\HdrHistogram\2.1.11\HdrHistogram-2.1.11.jar;C:\Users\Xie Xin Hong\.m2\repository\com\esri\geometry\esri-geometry-api\1.2.1\esri-geometry-api-1.2.1.jar;C:\Users\Xie Xin Hong\.m2\repository\org\json\json\20090211\json-20090211.jar;C:\Users\Xie Xin Hong\.m2\repository\org\codehaus\jackson\jackson-core-asl\1.9.12\jackson-core-asl-1.9.12.jar;C:\Users\Xie Xin Hong\.m2\repository\org\apache\tinkerpop\gremlin-core\3.4.8\gremlin-core-3.4.8.jar;C:\Users\Xie Xin Hong\.m2\repository\org\apache\tinkerpop\gremlin-shaded\3.4.8\gremlin-shaded-3.4.8.jar;C:\Users\Xie Xin Hong\.m2\repository\commons-configuration\commons-configuration\1.10\commons-configuration-1.10.jar;C:\Users\Xie Xin Hong\.m2\repository\commons-lang\commons-lang\2.6\commons-lang-2.6.jar;C:\Users\Xie Xin Hong\.m2\repository\commons-collections\commons-collections\3.2.2\commons-collections-3.2.2.jar;C:\Users\Xie Xin Hong\.m2\repository\org\apache\commons\commons-lang3\3.11\commons-lang3-3.11.jar;C:\Users\Xie Xin Hong\.m2\repository\org\javatuples\javatuples\1.2\javatuples-1.2.jar;C:\Users\Xie Xin Hong\.m2\repository\com\squareup\javapoet\1.8.0\javapoet-1.8.0.jar;C:\Users\Xie Xin Hong\.m2\repository\org\apache\tinkerpop\tinkergraph-gremlin\3.4.8\tinkergraph-gremlin-3.4.8.jar;C:\Users\Xie Xin Hong\.m2\repository\org\reactivestreams\reactive-streams\1.0.3\reactive-streams-1.0.3.jar;C:\Users\Xie Xin Hong\.m2\repository\com\datastax\oss\java-driver-shaded-guava\25.1-jre-graal-sub-1\java-driver-shaded-guava-25.1-jre-graal-sub-1.jar;C:\Users\Xie Xin Hong\.m2\repository\com\github\stephenc\jcip\jcip-annotations\1.0-1\jcip-annotations-1.0-1.jar;C:\Users\Xie Xin Hong\.m2\repository\com\github\spotbugs\spotbugs-annotations\3.1.12\spotbugs-annotations-3.1.12.jar;C:\Users\Xie Xin Hong\.m2\repository\com\google\code\findbugs\jsr305\3.0.2\jsr305-3.0.2.jar;C:\Users\Xie Xin Hong\.m2\repository\com\datastax\cassandra\cassandra-driver-extras\3.1.4\cassandra-driver-extras-3.1.4.jar;C:\Users\Xie Xin Hong\.m2\repository\com\datastax\cassandra\cassandra-driver-core\3.1.4\cassandra-driver-core-3.1.4.jar;C:\Users\Xie Xin Hong\.m2\repository\com\github\jnr\jnr-ffi\2.0.7\jnr-ffi-2.0.7.jar;C:\Users\Xie Xin Hong\.m2\repository\com\github\jnr\jffi\1.2.10\jffi-1.2.10.jar;C:\Users\Xie Xin Hong\.m2\repository\com\github\jnr\jffi\1.2.10\jffi-1.2.10-native.jar;C:\Users\Xie Xin Hong\.m2\repository\org\ow2\asm\asm\5.0.3\asm-5.0.3.jar;C:\Users\Xie Xin Hong\.m2\repository\org\ow2\asm\asm-commons\5.0.3\asm-commons-5.0.3.jar;C:\Users\Xie Xin Hong\.m2\repository\org\ow2\asm\asm-analysis\5.0.3\asm-analysis-5.0.3.jar;C:\Users\Xie Xin Hong\.m2\repository\org\ow2\asm\asm-tree\5.0.3\asm-tree-5.0.3.jar;C:\Users\Xie Xin Hong\.m2\repository\org\ow2\asm\asm-util\5.0.3\asm-util-5.0.3.jar;C:\Users\Xie Xin Hong\.m2\repository\com\github\jnr\jnr-x86asm\1.0.2\jnr-x86asm-1.0.2.jar;C:\Users\Xie Xin Hong\.m2\repository\com\google\guava\guava\16.0.1\guava-16.0.1.jar;C:\Users\Xie Xin Hong\.m2\repository\org\junit\jupiter\junit-jupiter-api\5.7.1\junit-jupiter-api-5.7.1.jar;C:\Users\Xie Xin Hong\.m2\repository\org\apiguardian\apiguardian-api\1.1.0\apiguardian-api-1.1.0.jar;C:\Users\Xie Xin Hong\.m2\repository\org\opentest4j\opentest4j\1.2.0\opentest4j-1.2.0.jar;C:\Users\Xie Xin Hong\.m2\repository\org\junit\platform\junit-platform-commons\1.7.1\junit-platform-commons-1.7.1.jar;"/>
    <property name="java.vm.vendor" value="Oracle Corporation"/>
    <property name="sun.arch.data.model" value="64"/>
    <property name="user.variant" value=""/>
    <property name="java.vendor.url" value="http://java.oracle.com/"/>
    <property name="user.timezone" value="Asia/Singapore"/>
    <property name="java.vm.specification.version" value="1.8"/>
    <property name="os.name" value="Windows 10"/>
    <property name="user.country" value="US"/>
    <property name="sun.java.launcher" value="SUN_STANDARD"/>
    <property name="sun.boot.library.path" value="C:\Program Files\Java\jdk1.8.0_65\jre\bin"/>
    <property name="sun.java.command" value="C:\Users\XIEXIN~1\AppData\Local\Temp\surefire4632974477954280933\surefirebooter8314764672856718019.jar C:\Users\Xie Xin Hong\AppData\Local\Temp\surefire4632974477954280933 2021-04-22T10-07-04_115-jvmRun1 surefire1082545269198502720tmp surefire_01424589713154135017tmp"/>
    <property name="surefire.test.class.path" value="C:\projects\LaaP-workspace\hikafka\target\test-classes;C:\projects\LaaP-workspace\hikafka\target\classes;C:\Users\Xie Xin Hong\.m2\repository\org\springframework\boot\spring-boot-starter\2.4.4\spring-boot-starter-2.4.4.jar;C:\Users\Xie Xin Hong\.m2\repository\org\springframework\boot\spring-boot\2.4.4\spring-boot-2.4.4.jar;C:\Users\Xie Xin Hong\.m2\repository\org\springframework\boot\spring-boot-autoconfigure\2.4.4\spring-boot-autoconfigure-2.4.4.jar;C:\Users\Xie Xin Hong\.m2\repository\org\springframework\boot\spring-boot-starter-logging\2.4.4\spring-boot-starter-logging-2.4.4.jar;C:\Users\Xie Xin Hong\.m2\repository\ch\qos\logback\logback-classic\1.2.3\logback-classic-1.2.3.jar;C:\Users\Xie Xin Hong\.m2\repository\ch\qos\logback\logback-core\1.2.3\logback-core-1.2.3.jar;C:\Users\Xie Xin Hong\.m2\repository\org\apache\logging\log4j\log4j-to-slf4j\2.13.3\log4j-to-slf4j-2.13.3.jar;C:\Users\Xie Xin Hong\.m2\repository\org\apache\logging\log4j\log4j-api\2.13.3\log4j-api-2.13.3.jar;C:\Users\Xie Xin Hong\.m2\repository\org\slf4j\jul-to-slf4j\1.7.30\jul-to-slf4j-1.7.30.jar;C:\Users\Xie Xin Hong\.m2\repository\jakarta\annotation\jakarta.annotation-api\1.3.5\jakarta.annotation-api-1.3.5.jar;C:\Users\Xie Xin Hong\.m2\repository\org\springframework\spring-core\5.3.5\spring-core-5.3.5.jar;C:\Users\Xie Xin Hong\.m2\repository\org\springframework\spring-jcl\5.3.5\spring-jcl-5.3.5.jar;C:\Users\Xie Xin Hong\.m2\repository\org\yaml\snakeyaml\1.27\snakeyaml-1.27.jar;C:\Users\Xie Xin Hong\.m2\repository\org\springframework\boot\spring-boot-starter-test\2.4.4\spring-boot-starter-test-2.4.4.jar;C:\Users\Xie Xin Hong\.m2\repository\org\springframework\boot\spring-boot-test\2.4.4\spring-boot-test-2.4.4.jar;C:\Users\Xie Xin Hong\.m2\repository\org\springframework\boot\spring-boot-test-autoconfigure\2.4.4\spring-boot-test-autoconfigure-2.4.4.jar;C:\Users\Xie Xin Hong\.m2\repository\com\jayway\jsonpath\json-path\2.4.0\json-path-2.4.0.jar;C:\Users\Xie Xin Hong\.m2\repository\net\minidev\json-smart\2.3\json-smart-2.3.jar;C:\Users\Xie Xin Hong\.m2\repository\net\minidev\accessors-smart\1.2\accessors-smart-1.2.jar;C:\Users\Xie Xin Hong\.m2\repository\org\slf4j\slf4j-api\1.7.30\slf4j-api-1.7.30.jar;C:\Users\Xie Xin Hong\.m2\repository\jakarta\xml\bind\jakarta.xml.bind-api\2.3.3\jakarta.xml.bind-api-2.3.3.jar;C:\Users\Xie Xin Hong\.m2\repository\jakarta\activation\jakarta.activation-api\1.2.2\jakarta.activation-api-1.2.2.jar;C:\Users\Xie Xin Hong\.m2\repository\org\assertj\assertj-core\3.18.1\assertj-core-3.18.1.jar;C:\Users\Xie Xin Hong\.m2\repository\org\hamcrest\hamcrest\2.2\hamcrest-2.2.jar;C:\Users\Xie Xin Hong\.m2\repository\org\junit\jupiter\junit-jupiter\5.7.1\junit-jupiter-5.7.1.jar;C:\Users\Xie Xin Hong\.m2\repository\org\junit\jupiter\junit-jupiter-params\5.7.1\junit-jupiter-params-5.7.1.jar;C:\Users\Xie Xin Hong\.m2\repository\org\junit\jupiter\junit-jupiter-engine\5.7.1\junit-jupiter-engine-5.7.1.jar;C:\Users\Xie Xin Hong\.m2\repository\org\junit\platform\junit-platform-engine\1.7.1\junit-platform-engine-1.7.1.jar;C:\Users\Xie Xin Hong\.m2\repository\org\mockito\mockito-core\3.6.28\mockito-core-3.6.28.jar;C:\Users\Xie Xin Hong\.m2\repository\net\bytebuddy\byte-buddy\1.10.22\byte-buddy-1.10.22.jar;C:\Users\Xie Xin Hong\.m2\repository\net\bytebuddy\byte-buddy-agent\1.10.22\byte-buddy-agent-1.10.22.jar;C:\Users\Xie Xin Hong\.m2\repository\org\objenesis\objenesis\3.1\objenesis-3.1.jar;C:\Users\Xie Xin Hong\.m2\repository\org\mockito\mockito-junit-jupiter\3.6.28\mockito-junit-jupiter-3.6.28.jar;C:\Users\Xie Xin Hong\.m2\repository\org\skyscreamer\jsonassert\1.5.0\jsonassert-1.5.0.jar;C:\Users\Xie Xin Hong\.m2\repository\com\vaadin\external\google\android-json\0.0.20131108.vaadin1\android-json-0.0.20131108.vaadin1.jar;C:\Users\Xie Xin Hong\.m2\repository\org\springframework\spring-test\5.3.5\spring-test-5.3.5.jar;C:\Users\Xie Xin Hong\.m2\repository\org\xmlunit\xmlunit-core\2.7.0\xmlunit-core-2.7.0.jar;C:\Users\Xie Xin Hong\.m2\repository\org\springframework\kafka\spring-kafka\2.6.7\spring-kafka-2.6.7.jar;C:\Users\Xie Xin Hong\.m2\repository\org\springframework\spring-context\5.3.5\spring-context-5.3.5.jar;C:\Users\Xie Xin Hong\.m2\repository\org\springframework\spring-aop\5.3.5\spring-aop-5.3.5.jar;C:\Users\Xie Xin Hong\.m2\repository\org\springframework\spring-beans\5.3.5\spring-beans-5.3.5.jar;C:\Users\Xie Xin Hong\.m2\repository\org\springframework\spring-expression\5.3.5\spring-expression-5.3.5.jar;C:\Users\Xie Xin Hong\.m2\repository\org\springframework\spring-messaging\5.3.5\spring-messaging-5.3.5.jar;C:\Users\Xie Xin Hong\.m2\repository\org\springframework\spring-tx\5.3.5\spring-tx-5.3.5.jar;C:\Users\Xie Xin Hong\.m2\repository\org\springframework\retry\spring-retry\1.3.1\spring-retry-1.3.1.jar;C:\Users\Xie Xin Hong\.m2\repository\org\apache\kafka\kafka-clients\2.6.0\kafka-clients-2.6.0.jar;C:\Users\Xie Xin Hong\.m2\repository\com\github\luben\zstd-jni\1.4.4-7\zstd-jni-1.4.4-7.jar;C:\Users\Xie Xin Hong\.m2\repository\org\lz4\lz4-java\1.7.1\lz4-java-1.7.1.jar;C:\Users\Xie Xin Hong\.m2\repository\org\xerial\snappy\snappy-java\1.1.7.3\snappy-java-1.1.7.3.jar;C:\Users\Xie Xin Hong\.m2\repository\org\springframework\kafka\spring-kafka-test\2.6.7\spring-kafka-test-2.6.7.jar;C:\Users\Xie Xin Hong\.m2\repository\org\apache\kafka\kafka-clients\2.6.1\kafka-clients-2.6.1-test.jar;C:\Users\Xie Xin Hong\.m2\repository\org\apache\kafka\kafka-streams\2.6.0\kafka-streams-2.6.0.jar;C:\Users\Xie Xin Hong\.m2\repository\org\apache\kafka\connect-json\2.6.0\connect-json-2.6.0.jar;C:\Users\Xie Xin Hong\.m2\repository\org\apache\kafka\connect-api\2.6.0\connect-api-2.6.0.jar;C:\Users\Xie Xin Hong\.m2\repository\org\rocksdb\rocksdbjni\5.18.4\rocksdbjni-5.18.4.jar;C:\Users\Xie Xin Hong\.m2\repository\org\apache\kafka\kafka-streams-test-utils\2.6.0\kafka-streams-test-utils-2.6.0.jar;C:\Users\Xie Xin Hong\.m2\repository\org\apache\kafka\kafka_2.13\2.6.0\kafka_2.13-2.6.0.jar;C:\Users\Xie Xin Hong\.m2\repository\com\fasterxml\jackson\module\jackson-module-scala_2.13\2.11.4\jackson-module-scala_2.13-2.11.4.jar;C:\Users\Xie Xin Hong\.m2\repository\com\fasterxml\jackson\module\jackson-module-paranamer\2.11.4\jackson-module-paranamer-2.11.4.jar;C:\Users\Xie Xin Hong\.m2\repository\com\thoughtworks\paranamer\paranamer\2.8\paranamer-2.8.jar;C:\Users\Xie Xin Hong\.m2\repository\com\fasterxml\jackson\dataformat\jackson-dataformat-csv\2.11.4\jackson-dataformat-csv-2.11.4.jar;C:\Users\Xie Xin Hong\.m2\repository\com\fasterxml\jackson\datatype\jackson-datatype-jdk8\2.11.4\jackson-datatype-jdk8-2.11.4.jar;C:\Users\Xie Xin Hong\.m2\repository\net\sf\jopt-simple\jopt-simple\5.0.4\jopt-simple-5.0.4.jar;C:\Users\Xie Xin Hong\.m2\repository\com\yammer\metrics\metrics-core\2.2.0\metrics-core-2.2.0.jar;C:\Users\Xie Xin Hong\.m2\repository\org\scala-lang\modules\scala-collection-compat_2.13\2.1.6\scala-collection-compat_2.13-2.1.6.jar;C:\Users\Xie Xin Hong\.m2\repository\org\scala-lang\modules\scala-java8-compat_2.13\0.9.1\scala-java8-compat_2.13-0.9.1.jar;C:\Users\Xie Xin Hong\.m2\repository\org\scala-lang\scala-library\2.13.2\scala-library-2.13.2.jar;C:\Users\Xie Xin Hong\.m2\repository\org\scala-lang\scala-reflect\2.13.2\scala-reflect-2.13.2.jar;C:\Users\Xie Xin Hong\.m2\repository\com\typesafe\scala-logging\scala-logging_2.13\3.9.2\scala-logging_2.13-3.9.2.jar;C:\Users\Xie Xin Hong\.m2\repository\org\apache\zookeeper\zookeeper\3.5.8\zookeeper-3.5.8.jar;C:\Users\Xie Xin Hong\.m2\repository\org\apache\zookeeper\zookeeper-jute\3.5.8\zookeeper-jute-3.5.8.jar;C:\Users\Xie Xin Hong\.m2\repository\org\apache\yetus\audience-annotations\0.5.0\audience-annotations-0.5.0.jar;C:\Users\Xie Xin Hong\.m2\repository\io\netty\netty-transport-native-epoll\4.1.60.Final\netty-transport-native-epoll-4.1.60.Final.jar;C:\Users\Xie Xin Hong\.m2\repository\io\netty\netty-transport-native-unix-common\4.1.60.Final\netty-transport-native-unix-common-4.1.60.Final.jar;C:\Users\Xie Xin Hong\.m2\repository\commons-cli\commons-cli\1.4\commons-cli-1.4.jar;C:\Users\Xie Xin Hong\.m2\repository\org\apache\kafka\kafka_2.13\2.6.1\kafka_2.13-2.6.1-test.jar;C:\Users\Xie Xin Hong\.m2\repository\org\projectlombok\lombok\1.18.18\lombok-1.18.18.jar;C:\Users\Xie Xin Hong\.m2\repository\com\fasterxml\jackson\core\jackson-databind\2.11.4\jackson-databind-2.11.4.jar;C:\Users\Xie Xin Hong\.m2\repository\com\fasterxml\jackson\core\jackson-annotations\2.11.4\jackson-annotations-2.11.4.jar;C:\Users\Xie Xin Hong\.m2\repository\com\fasterxml\jackson\core\jackson-core\2.11.4\jackson-core-2.11.4.jar;C:\Users\Xie Xin Hong\.m2\repository\com\datastax\oss\java-driver-query-builder\4.0.0\java-driver-query-builder-4.0.0.jar;C:\Users\Xie Xin Hong\.m2\repository\com\datastax\oss\java-driver-core\4.9.0\java-driver-core-4.9.0.jar;C:\Users\Xie Xin Hong\.m2\repository\com\datastax\oss\native-protocol\1.4.11\native-protocol-1.4.11.jar;C:\Users\Xie Xin Hong\.m2\repository\io\netty\netty-handler\4.1.60.Final\netty-handler-4.1.60.Final.jar;C:\Users\Xie Xin Hong\.m2\repository\io\netty\netty-common\4.1.60.Final\netty-common-4.1.60.Final.jar;C:\Users\Xie Xin Hong\.m2\repository\io\netty\netty-resolver\4.1.60.Final\netty-resolver-4.1.60.Final.jar;C:\Users\Xie Xin Hong\.m2\repository\io\netty\netty-buffer\4.1.60.Final\netty-buffer-4.1.60.Final.jar;C:\Users\Xie Xin Hong\.m2\repository\io\netty\netty-transport\4.1.60.Final\netty-transport-4.1.60.Final.jar;C:\Users\Xie Xin Hong\.m2\repository\io\netty\netty-codec\4.1.60.Final\netty-codec-4.1.60.Final.jar;C:\Users\Xie Xin Hong\.m2\repository\com\typesafe\config\1.3.4\config-1.3.4.jar;C:\Users\Xie Xin Hong\.m2\repository\com\github\jnr\jnr-posix\3.0.50\jnr-posix-3.0.50.jar;C:\Users\Xie Xin Hong\.m2\repository\com\github\jnr\jnr-constants\0.9.12\jnr-constants-0.9.12.jar;C:\Users\Xie Xin Hong\.m2\repository\io\dropwizard\metrics\metrics-core\4.1.18\metrics-core-4.1.18.jar;C:\Users\Xie Xin Hong\.m2\repository\org\hdrhistogram\HdrHistogram\2.1.11\HdrHistogram-2.1.11.jar;C:\Users\Xie Xin Hong\.m2\repository\com\esri\geometry\esri-geometry-api\1.2.1\esri-geometry-api-1.2.1.jar;C:\Users\Xie Xin Hong\.m2\repository\org\json\json\20090211\json-20090211.jar;C:\Users\Xie Xin Hong\.m2\repository\org\codehaus\jackson\jackson-core-asl\1.9.12\jackson-core-asl-1.9.12.jar;C:\Users\Xie Xin Hong\.m2\repository\org\apache\tinkerpop\gremlin-core\3.4.8\gremlin-core-3.4.8.jar;C:\Users\Xie Xin Hong\.m2\repository\org\apache\tinkerpop\gremlin-shaded\3.4.8\gremlin-shaded-3.4.8.jar;C:\Users\Xie Xin Hong\.m2\repository\commons-configuration\commons-configuration\1.10\commons-configuration-1.10.jar;C:\Users\Xie Xin Hong\.m2\repository\commons-lang\commons-lang\2.6\commons-lang-2.6.jar;C:\Users\Xie Xin Hong\.m2\repository\commons-collections\commons-collections\3.2.2\commons-collections-3.2.2.jar;C:\Users\Xie Xin Hong\.m2\repository\org\apache\commons\commons-lang3\3.11\commons-lang3-3.11.jar;C:\Users\Xie Xin Hong\.m2\repository\org\javatuples\javatuples\1.2\javatuples-1.2.jar;C:\Users\Xie Xin Hong\.m2\repository\com\squareup\javapoet\1.8.0\javapoet-1.8.0.jar;C:\Users\Xie Xin Hong\.m2\repository\org\apache\tinkerpop\tinkergraph-gremlin\3.4.8\tinkergraph-gremlin-3.4.8.jar;C:\Users\Xie Xin Hong\.m2\repository\org\reactivestreams\reactive-streams\1.0.3\reactive-streams-1.0.3.jar;C:\Users\Xie Xin Hong\.m2\repository\com\datastax\oss\java-driver-shaded-guava\25.1-jre-graal-sub-1\java-driver-shaded-guava-25.1-jre-graal-sub-1.jar;C:\Users\Xie Xin Hong\.m2\repository\com\github\stephenc\jcip\jcip-annotations\1.0-1\jcip-annotations-1.0-1.jar;C:\Users\Xie Xin Hong\.m2\repository\com\github\spotbugs\spotbugs-annotations\3.1.12\spotbugs-annotations-3.1.12.jar;C:\Users\Xie Xin Hong\.m2\repository\com\google\code\findbugs\jsr305\3.0.2\jsr305-3.0.2.jar;C:\Users\Xie Xin Hong\.m2\repository\com\datastax\cassandra\cassandra-driver-extras\3.1.4\cassandra-driver-extras-3.1.4.jar;C:\Users\Xie Xin Hong\.m2\repository\com\datastax\cassandra\cassandra-driver-core\3.1.4\cassandra-driver-core-3.1.4.jar;C:\Users\Xie Xin Hong\.m2\repository\com\github\jnr\jnr-ffi\2.0.7\jnr-ffi-2.0.7.jar;C:\Users\Xie Xin Hong\.m2\repository\com\github\jnr\jffi\1.2.10\jffi-1.2.10.jar;C:\Users\Xie Xin Hong\.m2\repository\com\github\jnr\jffi\1.2.10\jffi-1.2.10-native.jar;C:\Users\Xie Xin Hong\.m2\repository\org\ow2\asm\asm\5.0.3\asm-5.0.3.jar;C:\Users\Xie Xin Hong\.m2\repository\org\ow2\asm\asm-commons\5.0.3\asm-commons-5.0.3.jar;C:\Users\Xie Xin Hong\.m2\repository\org\ow2\asm\asm-analysis\5.0.3\asm-analysis-5.0.3.jar;C:\Users\Xie Xin Hong\.m2\repository\org\ow2\asm\asm-tree\5.0.3\asm-tree-5.0.3.jar;C:\Users\Xie Xin Hong\.m2\repository\org\ow2\asm\asm-util\5.0.3\asm-util-5.0.3.jar;C:\Users\Xie Xin Hong\.m2\repository\com\github\jnr\jnr-x86asm\1.0.2\jnr-x86asm-1.0.2.jar;C:\Users\Xie Xin Hong\.m2\repository\com\google\guava\guava\16.0.1\guava-16.0.1.jar;C:\Users\Xie Xin Hong\.m2\repository\org\junit\jupiter\junit-jupiter-api\5.7.1\junit-jupiter-api-5.7.1.jar;C:\Users\Xie Xin Hong\.m2\repository\org\apiguardian\apiguardian-api\1.1.0\apiguardian-api-1.1.0.jar;C:\Users\Xie Xin Hong\.m2\repository\org\opentest4j\opentest4j\1.2.0\opentest4j-1.2.0.jar;C:\Users\Xie Xin Hong\.m2\repository\org\junit\platform\junit-platform-commons\1.7.1\junit-platform-commons-1.7.1.jar;"/>
    <property name="sun.cpu.endian" value="little"/>
    <property name="user.home" value="C:\Users\Xie Xin Hong"/>
    <property name="user.language" value="en"/>
    <property name="java.specification.vendor" value="Oracle Corporation"/>
    <property name="java.home" value="C:\Program Files\Java\jdk1.8.0_65\jre"/>
    <property name="basedir" value="C:\projects\LaaP-workspace\hikafka"/>
    <property name="file.separator" value="\"/>
    <property name="line.separator" value="&#10;"/>
    <property name="java.vm.specification.vendor" value="Oracle Corporation"/>
    <property name="java.specification.name" value="Java Platform API Specification"/>
    <property name="java.awt.graphicsenv" value="sun.awt.Win32GraphicsEnvironment"/>
    <property name="surefire.real.class.path" value="C:\Users\XIEXIN~1\AppData\Local\Temp\surefire4632974477954280933\surefirebooter8314764672856718019.jar"/>
    <property name="sun.boot.class.path" value="C:\Program Files\Java\jdk1.8.0_65\jre\lib\resources.jar;C:\Program Files\Java\jdk1.8.0_65\jre\lib\rt.jar;C:\Program Files\Java\jdk1.8.0_65\jre\lib\sunrsasign.jar;C:\Program Files\Java\jdk1.8.0_65\jre\lib\jsse.jar;C:\Program Files\Java\jdk1.8.0_65\jre\lib\jce.jar;C:\Program Files\Java\jdk1.8.0_65\jre\lib\charsets.jar;C:\Program Files\Java\jdk1.8.0_65\jre\lib\jfr.jar;C:\Program Files\Java\jdk1.8.0_65\jre\classes"/>
    <property name="user.script" value=""/>
    <property name="sun.management.compiler" value="HotSpot 64-Bit Tiered Compilers"/>
    <property name="java.runtime.version" value="1.8.0_65-b17"/>
    <property name="user.name" value="Xie Xin Hong"/>
    <property name="path.separator" value=";"/>
    <property name="os.version" value="10.0"/>
    <property name="java.endorsed.dirs" value="C:\Program Files\Java\jdk1.8.0_65\jre\lib\endorsed"/>
    <property name="java.runtime.name" value="Java(TM) SE Runtime Environment"/>
    <property name="file.encoding" value="Cp1252"/>
    <property name="java.vm.name" value="Java HotSpot(TM) 64-Bit Server VM"/>
    <property name="localRepository" value="C:\Users\Xie Xin Hong\.m2\repository"/>
    <property name="java.vendor.url.bug" value="http://bugreport.sun.com/bugreport/"/>
    <property name="java.io.tmpdir" value="C:\Users\XIEXIN~1\AppData\Local\Temp\"/>
    <property name="java.version" value="1.8.0_65"/>
    <property name="user.dir" value="C:\projects\LaaP-workspace\hikafka"/>
    <property name="os.arch" value="amd64"/>
    <property name="java.vm.specification.name" value="Java Virtual Machine Specification"/>
    <property name="java.awt.printerjob" value="sun.awt.windows.WPrinterJob"/>
    <property name="sun.os.patch.level" value=""/>
    <property name="java.library.path" value="C:\Program Files\Java\jdk1.8.0_65\jre\bin;C:\WINDOWS\Sun\Java\bin;C:\WINDOWS\system32;C:\WINDOWS;C:\Program Files (x86)\Microsoft SDKs\Azure\CLI2\wbin;C:\Windows\system32;C:\Windows;C:\Windows\System32\Wbem;C:\Windows\System32\WindowsPowerShell\v1.0\;C:\Program Files (x86)\Symantec\Security Information Manager\nss\lib;c:\Python27\Scripts;c:\Python27\;C:\Program Files (x86)\Sudowin\Clients\Console;C:\Program Files (x86)\CloudFoundry;C:\WINDOWS\system32;C:\WINDOWS;C:\WINDOWS\System32\Wbem;C:\WINDOWS\System32\WindowsPowerShell\v1.0\;C:\Program Files\PostgreSQL\pg95\bin;C:\Program Files\Microsoft SQL Server\130\Tools\Binn\;C:\Program Files\nodejs\;C:\WINDOWS\System32\OpenSSH\;C:\Program Files\Amazon\AWSCLI\bin\;C:\software\apache-maven-3.6.3\bin;C:\Program Files\Git\cmd;C:\Program Files\Java\jdk1.8.0_65\bin;C:\Program Files\Java\jdk-11.0.7;C:\Windows\system32;C:\Windows;C:\Windows\System32\Wbem;C:\Windows\System32\WindowsPowerShell\v1.0\;C:\Program Files (x86)\Symantec\Security Information Manager\nss\lib;C:\Program Files\TortoiseSVN\bin;c:\Program Files\Microsoft SQL Server\100\Tools\Binn\;c:\Program Files\Microsoft SQL Server\100\DTS\Binn\;C:\Program Files (x86)\Sudowin\Clients\Console;C:\Program Files (x86)\Skype\Phone\;C:\WINDOWS\System32\WindowsPowerShell\v1.0\;C:\Program Files\Git\cmd;C:\Program Files\TortoiseGit\bin;C:\Users\Xie Xin Hong\.dnx\bin;C:\Program Files\Microsoft DNX\Dnvm\;C:\Program Files (x86)\Windows Kits\8.1\Windows Performance Toolkit\;C:\Program Files\CMake\bin;C:\Users\Xie Xin Hong\AppData\Local\Microsoft\WindowsApps;C:\Users\Xie Xin Hong\AppData\Roaming\npm;C:\Program Files\JetBrains\CLion 2019.1.2\bin;C:\Program Files\Java\jdk1.8.0_65\bin;C:\Users\Xie Xin Hong\AppData\Local\GitHubDesktop\bin;C:\software\apache-maven-3.6.3\bin;;C:\Users\Xie Xin Hong\AppData\Local\Programs\Microsoft VS Code\bin;."/>
    <property name="java.vm.info" value="mixed mode"/>
    <property name="java.vendor" value="Oracle Corporation"/>
    <property name="java.vm.version" value="25.65-b01"/>
    <property name="java.ext.dirs" value="C:\Program Files\Java\jdk1.8.0_65\jre\lib\ext;C:\WINDOWS\Sun\Java\lib\ext"/>
    <property name="sun.io.unicode.encoding" value="UnicodeLittle"/>
    <property name="java.class.version" value="52.0"/>
  </properties>
  <testcase name="contextLoads" classname="com.stee.videolake.kafka.KafkaApplicationTests" time="0.422"/>
</testsuite>